<?xml version="1.0" encoding="UTF-8"?>
<testng-results ignored="0" total="1" passed="1" failed="0" skipped="0">
  <reporter-output>
    <line>
      <![CDATA[Heyyy]]>
    </line>
    <line>
      <![CDATA[Heyy-Heyyy]]>
    </line>
    <line>
      <![CDATA[Heyyy-Heyyy-Heyyy]]>
    </line>
  </reporter-output>
  <suite started-at="2022-05-30T15:09:42 IST" name="Default suite" finished-at="2022-05-30T15:09:42 IST" duration-ms="72">
    <groups>
    </groups>
    <test started-at="2022-05-30T15:09:42 IST" name="Default test" finished-at="2022-05-30T15:09:42 IST" duration-ms="72">
      <class name="SampleTest">
        <test-method signature="testName()[pri:0, instance:SampleTest@10959ece]" started-at="2022-05-30T15:09:42 IST" name="testName" finished-at="2022-05-30T15:09:42 IST" duration-ms="12" status="PASS">
          <reporter-output>
            <line>
              <![CDATA[Heyyy]]>
            </line>
            <line>
              <![CDATA[Heyy-Heyyy]]>
            </line>
            <line>
              <![CDATA[Heyyy-Heyyy-Heyyy]]>
            </line>
          </reporter-output>
        </test-method> <!-- testName -->
      </class> <!-- SampleTest -->
    </test> <!-- Default test -->
  </suite> <!-- Default suite -->
</testng-results>
